<?xml version="1.0" encoding="UTF-8"?>
<testng-results skipped="0" failed="0" total="1" passed="1">
  <reporter-output>
    <line>
      <![CDATA[Executing on chrome browser]]>
    </line>
    <line>
      <![CDATA[executing openApplication method]]>
    </line>
    <line>
      <![CDATA[executing waitfor element method]]>
    </line>
    <line>
      <![CDATA[Executing typeAction method]]>
    </line>
    <line>
      <![CDATA[executing waitfor element method]]>
    </line>
    <line>
      <![CDATA[Executing typeAction method]]>
    </line>
    <line>
      <![CDATA[executing waitfor element method]]>
    </line>
    <line>
      <![CDATA[Execuring clickaction Method]]>
    </line>
    <line>
      <![CDATA[executing waitfor element method]]>
    </line>
    <line>
      <![CDATA[Execuring clickaction Method]]>
    </line>
    <line>
      <![CDATA[executing waitfor element method]]>
    </line>
    <line>
      <![CDATA[Execuring clickaction Method]]>
    </line>
    <line>
      <![CDATA[Executing on chrome browser]]>
    </line>
    <line>
      <![CDATA[executing openApplication method]]>
    </line>
    <line>
      <![CDATA[executing waitfor element method]]>
    </line>
    <line>
      <![CDATA[Executing typeAction method]]>
    </line>
    <line>
      <![CDATA[executing waitfor element method]]>
    </line>
    <line>
      <![CDATA[Executing typeAction method]]>
    </line>
    <line>
      <![CDATA[executing waitfor element method]]>
    </line>
    <line>
      <![CDATA[Execuring clickaction Method]]>
    </line>
    <line>
      <![CDATA[executing waitfor element method]]>
    </line>
    <line>
      <![CDATA[Execuring clickaction Method]]>
    </line>
    <line>
      <![CDATA[executing waitfor element method]]>
    </line>
    <line>
      <![CDATA[Execuring clickaction Method]]>
    </line>
    <line>
      <![CDATA[executing waitfor element method]]>
    </line>
    <line>
      <![CDATA[executing waitfor element method]]>
    </line>
    <line>
      <![CDATA[Executing typeAction method]]>
    </line>
    <line>
      <![CDATA[executing waitfor element method]]>
    </line>
    <line>
      <![CDATA[Executing typeAction method]]>
    </line>
    <line>
      <![CDATA[executing waitfor element method]]>
    </line>
    <line>
      <![CDATA[Executing typeAction method]]>
    </line>
    <line>
      <![CDATA[executing waitfor element method]]>
    </line>
    <line>
      <![CDATA[Executing typeAction method]]>
    </line>
    <line>
      <![CDATA[executing waitfor element method]]>
    </line>
    <line>
      <![CDATA[Executing typeAction method]]>
    </line>
    <line>
      <![CDATA[executing waitfor element method]]>
    </line>
    <line>
      <![CDATA[Executing typeAction method]]>
    </line>
    <line>
      <![CDATA[executing waitfor element method]]>
    </line>
    <line>
      <![CDATA[Executing typeAction method]]>
    </line>
    <line>
      <![CDATA[executing waitfor element method]]>
    </line>
    <line>
      <![CDATA[Executing typeAction method]]>
    </line>
    <line>
      <![CDATA[executing waitfor element method]]>
    </line>
    <line>
      <![CDATA[Executing typeAction method]]>
    </line>
    <line>
      <![CDATA[executing waitfor element method]]>
    </line>
    <line>
      <![CDATA[Execuring clickaction Method]]>
    </line>
    <line>
      <![CDATA[executing waitfor element method]]>
    </line>
    <line>
      <![CDATA[Execuring clickaction Method]]>
    </line>
    <line>
      <![CDATA[executing waitfor element method]]>
    </line>
    <line>
      <![CDATA[Execuring clickaction Method]]>
    </line>
    <line>
      <![CDATA[Supplier-00000001896    Supplier-00000001896]]>
    </line>
    <line>
      <![CDATA[Executing on chrome browser]]>
    </line>
    <line>
      <![CDATA[executing openApplication method]]>
    </line>
    <line>
      <![CDATA[executing waitfor element method]]>
    </line>
    <line>
      <![CDATA[Executing typeAction method]]>
    </line>
    <line>
      <![CDATA[executing waitfor element method]]>
    </line>
    <line>
      <![CDATA[Executing typeAction method]]>
    </line>
    <line>
      <![CDATA[executing waitfor element method]]>
    </line>
    <line>
      <![CDATA[Execuring clickaction Method]]>
    </line>
    <line>
      <![CDATA[executing waitfor element method]]>
    </line>
    <line>
      <![CDATA[executing waitfor element method]]>
    </line>
    <line>
      <![CDATA[Execuring clickaction Method]]>
    </line>
    <line>
      <![CDATA[executing waitfor element method]]>
    </line>
    <line>
      <![CDATA[Executing typeAction method]]>
    </line>
    <line>
      <![CDATA[executing waitfor element method]]>
    </line>
    <line>
      <![CDATA[Execuring clickaction Method]]>
    </line>
    <line>
      <![CDATA[executing waitfor element method]]>
    </line>
    <line>
      <![CDATA[Execuring clickaction Method]]>
    </line>
    <line>
      <![CDATA[executing waitfor element method]]>
    </line>
    <line>
      <![CDATA[Execuring clickaction Method]]>
    </line>
    <line>
      <![CDATA[ApplePhone    ApplePhone]]>
    </line>
  </reporter-output>
  <suite name="Default suite" duration-ms="136935" started-at="2020-11-30T11:39:51Z" finished-at="2020-11-30T11:42:08Z">
    <groups>
    </groups>
    <test name="Default test" duration-ms="136935" started-at="2020-11-30T11:39:51Z" finished-at="2020-11-30T11:42:08Z">
      <class name="DriverFactory.AppTest">
        <test-method status="PASS" signature="kickStart()[pri:0, instance:DriverFactory.AppTest@4678c730]" name="kickStart" duration-ms="136895" started-at="2020-11-30T17:09:52Z" finished-at="2020-11-30T17:12:08Z">
          <reporter-output>
            <line>
              <![CDATA[Executing on chrome browser]]>
            </line>
            <line>
              <![CDATA[executing openApplication method]]>
            </line>
            <line>
              <![CDATA[executing waitfor element method]]>
            </line>
            <line>
              <![CDATA[Executing typeAction method]]>
            </line>
            <line>
              <![CDATA[executing waitfor element method]]>
            </line>
            <line>
              <![CDATA[Executing typeAction method]]>
            </line>
            <line>
              <![CDATA[executing waitfor element method]]>
            </line>
            <line>
              <![CDATA[Execuring clickaction Method]]>
            </line>
            <line>
              <![CDATA[executing waitfor element method]]>
            </line>
            <line>
              <![CDATA[Execuring clickaction Method]]>
            </line>
            <line>
              <![CDATA[executing waitfor element method]]>
            </line>
            <line>
              <![CDATA[Execuring clickaction Method]]>
            </line>
            <line>
              <![CDATA[Executing on chrome browser]]>
            </line>
            <line>
              <![CDATA[executing openApplication method]]>
            </line>
            <line>
              <![CDATA[executing waitfor element method]]>
            </line>
            <line>
              <![CDATA[Executing typeAction method]]>
            </line>
            <line>
              <![CDATA[executing waitfor element method]]>
            </line>
            <line>
              <![CDATA[Executing typeAction method]]>
            </line>
            <line>
              <![CDATA[executing waitfor element method]]>
            </line>
            <line>
              <![CDATA[Execuring clickaction Method]]>
            </line>
            <line>
              <![CDATA[executing waitfor element method]]>
            </line>
            <line>
              <![CDATA[Execuring clickaction Method]]>
            </line>
            <line>
              <![CDATA[executing waitfor element method]]>
            </line>
            <line>
              <![CDATA[Execuring clickaction Method]]>
            </line>
            <line>
              <![CDATA[executing waitfor element method]]>
            </line>
            <line>
              <![CDATA[executing waitfor element method]]>
            </line>
            <line>
              <![CDATA[Executing typeAction method]]>
            </line>
            <line>
              <![CDATA[executing waitfor element method]]>
            </line>
            <line>
              <![CDATA[Executing typeAction method]]>
            </line>
            <line>
              <![CDATA[executing waitfor element method]]>
            </line>
            <line>
              <![CDATA[Executing typeAction method]]>
            </line>
            <line>
              <![CDATA[executing waitfor element method]]>
            </line>
            <line>
              <![CDATA[Executing typeAction method]]>
            </line>
            <line>
              <![CDATA[executing waitfor element method]]>
            </line>
            <line>
              <![CDATA[Executing typeAction method]]>
            </line>
            <line>
              <![CDATA[executing waitfor element method]]>
            </line>
            <line>
              <![CDATA[Executing typeAction method]]>
            </line>
            <line>
              <![CDATA[executing waitfor element method]]>
            </line>
            <line>
              <![CDATA[Executing typeAction method]]>
            </line>
            <line>
              <![CDATA[executing waitfor element method]]>
            </line>
            <line>
              <![CDATA[Executing typeAction method]]>
            </line>
            <line>
              <![CDATA[executing waitfor element method]]>
            </line>
            <line>
              <![CDATA[Executing typeAction method]]>
            </line>
            <line>
              <![CDATA[executing waitfor element method]]>
            </line>
            <line>
              <![CDATA[Execuring clickaction Method]]>
            </line>
            <line>
              <![CDATA[executing waitfor element method]]>
            </line>
            <line>
              <![CDATA[Execuring clickaction Method]]>
            </line>
            <line>
              <![CDATA[executing waitfor element method]]>
            </line>
            <line>
              <![CDATA[Execuring clickaction Method]]>
            </line>
            <line>
              <![CDATA[Supplier-00000001896    Supplier-00000001896]]>
            </line>
            <line>
              <![CDATA[Executing on chrome browser]]>
            </line>
            <line>
              <![CDATA[executing openApplication method]]>
            </line>
            <line>
              <![CDATA[executing waitfor element method]]>
            </line>
            <line>
              <![CDATA[Executing typeAction method]]>
            </line>
            <line>
              <![CDATA[executing waitfor element method]]>
            </line>
            <line>
              <![CDATA[Executing typeAction method]]>
            </line>
            <line>
              <![CDATA[executing waitfor element method]]>
            </line>
            <line>
              <![CDATA[Execuring clickaction Method]]>
            </line>
            <line>
              <![CDATA[executing waitfor element method]]>
            </line>
            <line>
              <![CDATA[executing waitfor element method]]>
            </line>
            <line>
              <![CDATA[Execuring clickaction Method]]>
            </line>
            <line>
              <![CDATA[executing waitfor element method]]>
            </line>
            <line>
              <![CDATA[Executing typeAction method]]>
            </line>
            <line>
              <![CDATA[executing waitfor element method]]>
            </line>
            <line>
              <![CDATA[Execuring clickaction Method]]>
            </line>
            <line>
              <![CDATA[executing waitfor element method]]>
            </line>
            <line>
              <![CDATA[Execuring clickaction Method]]>
            </line>
            <line>
              <![CDATA[executing waitfor element method]]>
            </line>
            <line>
              <![CDATA[Execuring clickaction Method]]>
            </line>
            <line>
              <![CDATA[ApplePhone    ApplePhone]]>
            </line>
          </reporter-output>
        </test-method> <!-- kickStart -->
      </class> <!-- DriverFactory.AppTest -->
    </test> <!-- Default test -->
  </suite> <!-- Default suite -->
</testng-results>
